<?xml version="1.0" encoding="UTF-8"?>
<testng-results skipped="0" failed="0" ignored="0" total="2" passed="2">
  <reporter-output>
  </reporter-output>
  <suite name="Suite" duration-ms="30125" started-at="2022-07-29T01:41:19 IST" finished-at="2022-07-29T01:41:49 IST">
    <groups>
      <group name="cucumber">
        <method signature="AbstractTestNGCucumberTests.runScenario(io.cucumber.testng.PickleWrapper, io.cucumber.testng.FeatureWrapper)[pri:0, instance:com.sadakar.testng.runner.RunCucumberTest@76b0bfab]" name="runScenario" class="io.cucumber.testng.AbstractTestNGCucumberTests"/>
      </group> <!-- cucumber -->
    </groups>
    <test name="Test" duration-ms="30125" started-at="2022-07-29T01:41:19 IST" finished-at="2022-07-29T01:41:49 IST">
      <class name="com.sadakar.testng.runner.RunCucumberTest">
        <test-method status="PASS" signature="setUpClass(org.testng.ITestContext)[pri:0, instance:com.sadakar.testng.runner.RunCucumberTest@76b0bfab]" name="setUpClass" is-config="true" duration-ms="804" started-at="2022-07-29T01:41:19 IST" finished-at="2022-07-29T01:41:20 IST">
          <params>
            <param index="0">
              <value>
                <![CDATA[org.testng.TestRunner@68565bc7]]>
              </value>
            </param>
          </params>
          <reporter-output>
          </reporter-output>
        </test-method> <!-- setUpClass -->
        <test-method status="PASS" signature="runScenario(io.cucumber.testng.PickleWrapper, io.cucumber.testng.FeatureWrapper)[pri:0, instance:com.sadakar.testng.runner.RunCucumberTest@76b0bfab]" name="runScenario" duration-ms="16212" started-at="2022-07-29T01:41:20 IST" description="Runs Cucumber Scenarios" data-provider="scenarios" finished-at="2022-07-29T01:41:36 IST">
          <params>
            <param index="0">
              <value>
                <![CDATA["DirectoryTabIsSearchButtonDisplayed"]]>
              </value>
            </param>
            <param index="1">
              <value>
                <![CDATA["Optional[Dashboard page]"]]>
              </value>
            </param>
          </params>
          <reporter-output>
          </reporter-output>
        </test-method> <!-- runScenario -->
        <test-method status="PASS" signature="runScenario(io.cucumber.testng.PickleWrapper, io.cucumber.testng.FeatureWrapper)[pri:0, instance:com.sadakar.testng.runner.RunCucumberTest@76b0bfab]" name="runScenario" duration-ms="9183" started-at="2022-07-29T01:41:36 IST" description="Runs Cucumber Scenarios" data-provider="scenarios" finished-at="2022-07-29T01:41:45 IST">
          <params>
            <param index="0">
              <value>
                <![CDATA["LoginValidCredentials"]]>
              </value>
            </param>
            <param index="1">
              <value>
                <![CDATA["Optional[Login to HRM Application]"]]>
              </value>
            </param>
          </params>
          <reporter-output>
          </reporter-output>
        </test-method> <!-- runScenario -->
        <test-method status="PASS" signature="tearDownClass()[pri:0, instance:com.sadakar.testng.runner.RunCucumberTest@76b0bfab]" name="tearDownClass" is-config="true" duration-ms="3896" started-at="2022-07-29T01:41:45 IST" finished-at="2022-07-29T01:41:49 IST">
          <reporter-output>
          </reporter-output>
        </test-method> <!-- tearDownClass -->
      </class> <!-- com.sadakar.testng.runner.RunCucumberTest -->
    </test> <!-- Test -->
  </suite> <!-- Suite -->
</testng-results>
